<?xml version="1.0" encoding="UTF-8"?>
<!-- Generated by org.testng.reporters.JUnitReportReporter -->
<testsuite hostname="charu" failures="0" tests="1" name="TestNG.TestNG1" time="0.007" errors="0" timestamp="2025-02-09T14:14:59 IST" skipped="0">
  <testcase classname="TestNG.TestNG1" name="test1" time="0.007"/>
</testsuite> <!-- TestNG.TestNG1 -->
