<?xml version="1.0" encoding="UTF-8"?>
<!-- Generated by org.testng.reporters.JUnitReportReporter -->
<testsuite hostname="charu" failures="0" tests="1" name="Selenium_Automation_Testing.UserRegistration" time="33.473" errors="0" timestamp="2025-02-27T19:50:20 IST" skipped="0">
  <testcase classname="Selenium_Automation_Testing.UserRegistration" name="CreateAccountTest" time="33.473"/>
</testsuite> <!-- Selenium_Automation_Testing.UserRegistration -->
